           Типы NET
PASSW_USER                    S16_PIN_TYPE             //  1
ETALON_USER                   S16_PIN_TYPE             //  2
ETALON_TEXN                   S16_PIN_TYPE             //  3
PASSW_TEXN                    S16_PIN_TYPE             //  4
ETALON_MASTER                 S16_PIN_TYPE             //  5
USTDRIVES                     S16_PIN_TYPE             //  6
NET                           S16_PIN_TYPE             //  7
PASSW_MASTER                  S16_PIN_TYPE             //  8
ADR_FOR_LOCAL                 S16_PIN_TYPE             //  9
NET00002                      TXT_PIN_TYPE             //  10
SPEED                         S16_PIN_TYPE             //  11
KONTRAST                      S16_PIN_TYPE             //  12
ADD_DRIVE_ADR                 S16_PIN_TYPE             //  13
ADD_DRIVE                     S16_PIN_TYPE             //  14
NET00016                      BIT_PIN_TYPE             //  15
NET00017                      BIT_PIN_TYPE             //  16
0                             BIT_PIN_TYPE             //  17
1                             BIT_PIN_TYPE             //  18
NET00008                      S32_PIN_TYPE             //  19
T_MSG                         S16_PIN_TYPE             //  20
ADR_DRV_UST_READ              S16_PIN_TYPE             //  21
NET00001                      TXT_PIN_TYPE             //  22
EN_UST_READ                   S16_PIN_TYPE             //  23
NET00014                      TXT_PIN_TYPE             //  24
NET00004                      TXT_PIN_TYPE             //  25
ADR_DRV_UST_WRITE             S16_PIN_TYPE             //  26
NET00005                      TXT_PIN_TYPE             //  27
EN_UST_WRITE                  S16_PIN_TYPE             //  28
NUM_UST_DRV_WRITE             S16_PIN_TYPE             //  29
NET00012                      TXT_PIN_TYPE             //  30
TXT_UST                       TXT_PIN_TYPE             //  31
NUM_UST_PULT_WRITE            S16_PIN_TYPE             //  32
NET00010                      S16_PIN_TYPE             //  33
NET00000                      S16_PIN_TYPE             //  34
